{"level":"info","message":"Request method: GET, Path: /api/auth/get/6792ac30b3377def05dd968"}
{"level":"info","message":"Request method: GET, Path: /api/auth/get/6792ac30b3377def05dd9683"}
{"level":"info","message":"Request method: GET, Path: /api/auth/get/6792ac30b3377def05dd9683"}
{"level":"info","message":"Request method: GET, Path: /api/auth/get/6792ac30b3377def05dd9683"}
{"level":"info","message":"Request method: GET, Path: /api/auth/get/6792ac30b3377def05dd9683"}
{"level":"info","message":"Request method: PATCH, Path: /api/auth/get/"}
{"level":"info","message":"Request method: PATCH, Path: /api/auth/update"}
{"level":"info","message":"Request method: PATCH, Path: /api/auth/update"}
{"level":"info","message":"Request method: PATCH, Path: /api/auth/update"}
{"level":"info","message":"Request method: GET, Path: /api/auth/get/6792af54252c57ce48980997"}
{"level":"info","message":"Request method: GET, Path: /api/auth/get/6792ac30b3377def05dd9683"}
{"level":"info","message":"Request method: GET, Path: /api/product/get"}
{"level":"info","message":"Request method: GET, Path: /api/product/get"}
{"level":"info","message":"Request method: GET, Path: /api/product/get"}
{"level":"info","message":"Request method: GET, Path: /api/product/get"}
{"level":"info","message":"Request method: GET, Path: /api/product/get"}
{"level":"info","message":"Request method: GET, Path: /api/product/get"}
{"level":"info","message":"Request method: GET, Path: /api/product/get"}
{"level":"info","message":"Request method: GET, Path: /api/product/get"}
{"level":"info","message":"Request method: GET, Path: /api/product/get"}
{"level":"info","message":"Request method: POST, Path: /api/auth/login"}
{"level":"info","message":"Request method: POST, Path: /api/product/add"}
{"level":"info","message":"Request method: POST, Path: /api/product/add"}
{"level":"info","message":"Request method: POST, Path: /api/auth/login"}
{"level":"info","message":"Request method: POST, Path: /api/product/add"}
{"level":"info","message":"Request method: POST, Path: /api/product/add"}
{"level":"info","message":"Request method: POST, Path: /api/product/add"}
{"level":"info","message":"Request method: GET, Path: /api/product/get"}
{"level":"info","message":"Request method: GET, Path: /api/product/get"}
{"level":"info","message":"Request method: GET, Path: /api/product/get"}
{"level":"info","message":"Request method: POST, Path: /api/product/add"}
{"level":"info","message":"Request method: POST, Path: /api/product/add"}
{"level":"info","message":"Request method: GET, Path: /api/product/get"}
{"level":"info","message":"Request method: POST, Path: /api/product/add"}
{"level":"info","message":"Request method: POST, Path: /api/product/add"}
{"level":"info","message":"Request method: POST, Path: /api/product/add"}
{"level":"info","message":"Request method: POST, Path: /api/product/add"}
{"level":"info","message":"Request method: POST, Path: /api/product/add"}
{"level":"info","message":"Request method: POST, Path: /api/product/add"}
{"level":"info","message":"Request method: POST, Path: /api/product/add"}
{"level":"info","message":"Request method: POST, Path: /api/product/add"}
{"level":"info","message":"Request method: POST, Path: /api/product/add"}
{"level":"info","message":"Request method: GET, Path: /api/product/get/67aa33fc68b9b6b137699d57"}
{"level":"info","message":"Request method: GET, Path: /api/product/get/67aa33fc68b9b6b137699d57"}
{"level":"info","message":"Request method: GET, Path: /api/product/get/67aa33fc68b9b6b137699d57"}
{"level":"info","message":"Request method: GET, Path: /api/product/get/67aa322837c3af71b1dd017c"}
{"level":"info","message":"Request method: GET, Path: /api/product/get/67aa322837c3af71b1dd017c"}
{"level":"info","message":"Request method: GET, Path: /api/product/get/67aa33fc68b9b6b137699d57"}
{"level":"info","message":"Request method: GET, Path: /api/product/get/67aa33fc68b9b6b137699d57"}
{"level":"info","message":"Request method: GET, Path: /api/product/get/67aa33fc68b9b6b137699d57"}
{"level":"info","message":"Request method: GET, Path: /api/product/get"}
{"level":"info","message":"Request method: GET, Path: /api/product/get/67aa322637c3af71b1dd017a"}
{"level":"info","message":"Request method: GET, Path: /api/product/get/67aa322637c3af71b1dd017a"}
{"level":"info","message":"Request method: GET, Path: /api/product/get/67aa322837c3af71b1dd017c"}
{"level":"info","message":"Request method: GET, Path: /api/product/get/67aa327237c3af71b1dd0181"}
{"level":"info","message":"Request method: GET, Path: /api/product/get/67aa327237c3af71b1dd0181"}
{"level":"info","message":"Request method: GET, Path: /api/product/get/67aa327237c3af71b1dd0181"}
{"level":"info","message":"Request method: GET, Path: /api/product/get/67aa327237c3af71b1dd0181"}
{"level":"info","message":"Request method: GET, Path: /api/product/get/67aa327237c3af71b1dd0181"}
{"level":"info","message":"Request method: GET, Path: /api/product/get/67aa327237c3af71b1dd0181"}
{"level":"info","message":"Request method: GET, Path: /api/product/get/67aa327237c3af71b1dd0181"}
{"level":"info","message":"Request method: GET, Path: /api/product/get/67aa327237c3af71b1dd0181"}
{"level":"info","message":"Request method: GET, Path: /api/product/get/67aa327237c3af71b1dd0181"}
{"level":"info","message":"Request method: GET, Path: /api/product/get/67aa327237c3af71b1dd0181"}
{"level":"info","message":"Request method: GET, Path: /api/product/get/67aa327237c3af71b1dd0181"}
{"level":"info","message":"Request method: GET, Path: /api/product/get/67aa327237c3af71b1dd0181"}
{"level":"info","message":"Request method: GET, Path: /api/product/get/67aa327237c3af71b1dd0181"}
{"level":"info","message":"Request method: GET, Path: /api/product/get/67aa327237c3af71b1dd0181"}
{"level":"info","message":"Request method: GET, Path: /api/product/get/67aa327237c3af71b1dd0181"}
{"level":"info","message":"Request method: GET, Path: /api/product/get/67aa327237c3af71b1dd0181"}
{"level":"info","message":"Request method: GET, Path: /api/product/get/67aa327237c3af71b1dd0181"}
{"level":"info","message":"Request method: GET, Path: /api/product/get/67aa327237c3af71b1dd0181"}
{"level":"info","message":"Request method: GET, Path: /api/product/get/67aa327237c3af71b1dd0181"}
{"level":"info","message":"Request method: GET, Path: /api/product/get/67aa327237c3af71b1dd0181"}
{"level":"info","message":"Request method: GET, Path: /api/product/get/67aa327237c3af71b1dd0181"}
{"level":"info","message":"Request method: GET, Path: /api/product/get/67aa327237c3af71b1dd0181"}
{"level":"info","message":"Request method: GET, Path: /api/product/get/67aa327237c3af71b1dd0181"}
{"level":"info","message":"Request method: GET, Path: /api/product/get/67aa327237c3af71b1dd0181"}
{"level":"info","message":"Request method: GET, Path: /api/product/get/67aa327237c3af71b1dd0181"}
{"level":"info","message":"Request method: GET, Path: /api/product/get/67aa327237c3af71b1dd0181"}
{"level":"info","message":"Request method: GET, Path: /api/product/get/67aa327237c3af71b1dd0181"}
{"level":"info","message":"Request method: GET, Path: /api/product/get/67aa327237c3af71b1dd0181"}
{"level":"info","message":"Request method: GET, Path: /api/product/get/67aa327237c3af71b1dd0181"}
{"level":"info","message":"Request method: GET, Path: /api/product/get/67aa327237c3af71b1dd0181"}
{"level":"info","message":"Request method: GET, Path: /api/product/get/67aa327237c3af71b1dd0181"}
{"level":"info","message":"Request method: GET, Path: /api/product/get/67aa327237c3af71b1dd0181"}
{"level":"info","message":"Request method: GET, Path: /api/product/get/67aa327237c3af71b1dd0181"}
{"level":"info","message":"Request method: GET, Path: /api/product/get/67aa327237c3af71b1dd0181"}
{"level":"info","message":"Request method: GET, Path: /api/product/get/67aa327237c3af71b1dd0181"}
{"level":"info","message":"Request method: GET, Path: /api/product/get/67aa327237c3af71b1dd0181"}
{"level":"info","message":"Request method: GET, Path: /api/product/get/67aa327237c3af71b1dd0181"}
{"level":"info","message":"Request method: GET, Path: /api/product/get/67aa327237c3af71b1dd0181"}
{"level":"info","message":"Request method: GET, Path: /api/product/get/67aa327237c3af71b1dd0181"}
{"level":"info","message":"Request method: GET, Path: /api/product/get/67aa327237c3af71b1dd0181"}
{"level":"info","message":"Request method: GET, Path: /api/product/get/67aa327237c3af71b1dd0181"}
{"level":"info","message":"Request method: GET, Path: /api/product/get/67aa327237c3af71b1dd0181"}
{"level":"info","message":"Request method: GET, Path: /api/product/get/67aa327237c3af71b1dd0181"}
{"level":"info","message":"Request method: GET, Path: /api/product/get/67aa327237c3af71b1dd0181"}
{"level":"info","message":"Request method: GET, Path: /api/product/get/67aa327237c3af71b1dd0181"}
{"level":"info","message":"Request method: GET, Path: /api/product/get/67aa327237c3af71b1dd0181"}
{"level":"info","message":"Request method: GET, Path: /api/product/get/67aa327237c3af71b1dd0181"}
{"level":"info","message":"Request method: GET, Path: /api/product/get/67aa327237c3af71b1dd0181"}
{"level":"info","message":"Request method: GET, Path: /api/product/get/67aa327237c3af71b1dd0181"}
{"level":"info","message":"Request method: GET, Path: /api/product/get"}
{"level":"info","message":"Request method: GET, Path: /api/product/get"}
{"level":"info","message":"Request method: GET, Path: /api/product/get"}
{"level":"info","message":"Request method: GET, Path: /api/product/get"}
{"level":"info","message":"Request method: GET, Path: /api/product/get"}
{"level":"info","message":"Request method: POST, Path: /api/product/add"}
{"level":"info","message":"Request method: GET, Path: /api/product/get"}
{"level":"info","message":"Request method: GET, Path: /api/product/get/67aa3a1d7563daeed64aa06b"}
{"level":"info","message":"Request method: GET, Path: /api/product/get/67aa3a1d7563daeed64aa06b"}
{"level":"info","message":"Request method: GET, Path: /api/product/get"}
{"level":"info","message":"Request method: GET, Path: /api/product/get"}
{"level":"info","message":"Request method: GET, Path: /api/product/get/67aa3a1d7563daeed64aa06b"}
{"level":"info","message":"Request method: GET, Path: /api/product/get/67aa3a1d7563daeed64aa06b"}
{"level":"info","message":"Request method: GET, Path: /api/product/get/67aa3a1d7563daeed64aa06b"}
{"level":"info","message":"Request method: GET, Path: /api/product/get/67aa3a1d7563daeed64aa06b"}
{"level":"info","message":"Request method: GET, Path: /api/product/get/67aa3a1d7563daeed64aa06b"}
{"level":"info","message":"Request method: GET, Path: /api/product/get/67aa3a1d7563daeed64aa06b"}
{"level":"info","message":"Request method: GET, Path: /api/product/get/67aa3a1d7563daeed64aa06b"}
{"level":"info","message":"Request method: GET, Path: /api/product/get"}
{"level":"info","message":"Request method: GET, Path: /api/product/get/67aa3a1d7563daeed64aa06b"}
{"level":"info","message":"Request method: GET, Path: /api/product/get"}
{"level":"info","message":"Request method: GET, Path: /api/product/get/67aa3a1d7563daeed64aa06b"}
{"level":"info","message":"Request method: GET, Path: /api/product/get/67aa3a1d7563daeed64aa06b"}
{"level":"info","message":"Request method: GET, Path: /api/product/get"}
{"level":"info","message":"Request method: GET, Path: /api/product/get"}
{"level":"info","message":"Request method: GET, Path: /api/product/get"}
{"level":"info","message":"Request method: GET, Path: /api/product/get"}
{"level":"info","message":"Request method: GET, Path: /api/product/get"}
{"level":"info","message":"Request method: GET, Path: /api/product/get"}
{"level":"info","message":"Request method: GET, Path: /api/product/get"}
{"level":"info","message":"Request method: GET, Path: /api/product/get"}
{"level":"info","message":"Request method: GET, Path: /api/product/get"}
{"level":"info","message":"Request method: GET, Path: /api/product/get"}
{"level":"info","message":"Request method: GET, Path: /api/product/get"}
{"level":"info","message":"Request method: GET, Path: /api/product/get"}
{"level":"info","message":"Request method: GET, Path: /api/product/get"}
{"level":"info","message":"Request method: GET, Path: /api/product/get"}
{"level":"info","message":"Request method: GET, Path: /api/product/get"}
{"level":"info","message":"Request method: GET, Path: /api/product/get/67aa3a1d7563daeed64aa06b"}
{"level":"info","message":"Request method: GET, Path: /api/product/get"}
{"level":"info","message":"Request method: GET, Path: /api/product/get"}
{"level":"info","message":"Request method: GET, Path: /api/product/get/67aa322637c3af71b1dd017a"}
{"level":"info","message":"Request method: GET, Path: /api/product/get"}
{"level":"info","message":"Request method: GET, Path: /api/product/get"}
{"level":"info","message":"Request method: GET, Path: /api/product/get"}
{"level":"info","message":"Request method: GET, Path: /api/product/get"}
{"level":"info","message":"Request method: GET, Path: /api/product/get"}
{"level":"info","message":"Request method: GET, Path: /api/product/get"}
{"level":"info","message":"Request method: GET, Path: /api/product/get/67aa322637c3af71b1dd017a"}
{"level":"info","message":"Request method: GET, Path: /api/product/get"}
{"level":"info","message":"Request method: GET, Path: /api/product/get/67aa322637c3af71b1dd017a"}
{"level":"info","message":"Request method: GET, Path: /api/product/get/67aa322637c3af71b1dd017a"}
{"level":"info","message":"Request method: GET, Path: /api/product/get"}
{"level":"info","message":"Request method: GET, Path: /api/product/get/67aa322637c3af71b1dd017a"}
{"level":"info","message":"Request method: GET, Path: /api/product/get/67aa322637c3af71b1dd017a"}
{"level":"info","message":"Request method: GET, Path: /api/product/get/67aa322637c3af71b1dd017a"}
{"level":"info","message":"Request method: GET, Path: /api/product/get/67aa322637c3af71b1dd017a"}
{"level":"info","message":"Request method: GET, Path: /api/product/get"}
{"level":"info","message":"Request method: GET, Path: /api/product/get/67aa322837c3af71b1dd017c"}
{"level":"info","message":"Request method: GET, Path: /api/product/get/67aa322837c3af71b1dd017c"}
{"level":"info","message":"Request method: GET, Path: /api/product/get/67aa322837c3af71b1dd017c"}
{"level":"info","message":"Request method: GET, Path: /api/product/get/67aa322837c3af71b1dd017c"}
{"level":"info","message":"Request method: GET, Path: /api/product/get"}
{"level":"info","message":"Request method: GET, Path: /api/product/get"}
{"level":"info","message":"Request method: GET, Path: /api/product/get"}
{"level":"info","message":"Request method: GET, Path: /api/product/get"}
{"level":"info","message":"Request method: GET, Path: /api/product/get"}
{"level":"info","message":"Request method: GET, Path: /api/product/get"}
{"level":"info","message":"Request method: GET, Path: /api/product/get"}
{"level":"info","message":"Request method: GET, Path: /api/product/get"}
{"level":"info","message":"Request method: GET, Path: /api/product/get"}
{"level":"info","message":"Request method: GET, Path: /api/product/get"}
{"level":"info","message":"Request method: GET, Path: /api/product/get"}
{"level":"info","message":"Request method: POST, Path: /api/product/add"}
{"level":"info","message":"Request method: GET, Path: /api/product/get"}
{"level":"info","message":"Request method: GET, Path: /api/product/get/67aa322837c3af71b1dd017c"}
{"level":"info","message":"Request method: GET, Path: /api/product/get/67aa322837c3af71b1dd017c"}
{"level":"info","message":"Request method: GET, Path: /api/product/get/67aa322837c3af71b1dd017c"}
{"level":"info","message":"Request method: GET, Path: /api/product/get/67aa322837c3af71b1dd017c"}
{"level":"info","message":"Request method: GET, Path: /api/product/get/67aa322837c3af71b1dd017c"}
{"level":"info","message":"Request method: GET, Path: /api/product/get/67aa322837c3af71b1dd017c"}
{"level":"info","message":"Request method: GET, Path: /api/product/get/67aa322837c3af71b1dd017c"}
{"level":"info","message":"Request method: GET, Path: /api/product/get/67aa322837c3af71b1dd017c"}
{"level":"info","message":"Request method: GET, Path: /api/product/get/67aa322837c3af71b1dd017c"}
{"level":"info","message":"Request method: GET, Path: /api/product/get/67aa322637c3af71b1dd017a"}
{"level":"info","message":"Request method: GET, Path: /api/product/get/67aa322637c3af71b1dd017a"}
{"level":"info","message":"Request method: GET, Path: /api/product/get/67aa322637c3af71b1dd017a"}
{"level":"info","message":"Request method: GET, Path: /api/product/get/67aa322637c3af71b1dd017a"}
{"level":"info","message":"Request method: GET, Path: /api/product/get/67aa322637c3af71b1dd017a"}
{"level":"info","message":"Request method: POST, Path: /api/product/add"}
{"level":"info","message":"Request method: POST, Path: /api/product/add"}
{"level":"info","message":"Request method: POST, Path: /api/product/add"}
{"level":"info","message":"Request method: POST, Path: /api/product/add"}
{"level":"info","message":"Request method: POST, Path: /api/product/add"}
{"level":"info","message":"Request method: POST, Path: /api/product/add"}
{"level":"info","message":"Request method: POST, Path: /api/product/add"}
{"level":"info","message":"Request method: POST, Path: /api/product/add"}
{"level":"info","message":"Request method: POST, Path: /api/product/add"}
{"level":"info","message":"Request method: POST, Path: /api/product/add"}
{"level":"info","message":"Request method: POST, Path: /api/product/add"}
{"level":"info","message":"Request method: POST, Path: /api/product/add"}
{"level":"info","message":"Request method: POST, Path: /api/product/add"}
{"level":"info","message":"Request method: POST, Path: /api/product/add"}
{"level":"info","message":"Request method: POST, Path: /api/product/add"}
{"level":"info","message":"Request method: POST, Path: /api/product/add"}
{"level":"info","message":"Request method: GET, Path: /api/product/get"}
{"level":"info","message":"Request method: GET, Path: /api/product/get"}
{"level":"info","message":"Request method: GET, Path: /api/product/get"}
{"level":"info","message":"Request method: GET, Path: /api/product/get"}
{"level":"info","message":"Request method: GET, Path: /api/product/get"}
{"level":"info","message":"Request method: GET, Path: /api/product/get"}
{"level":"info","message":"Request method: GET, Path: /api/product/get"}
{"level":"info","message":"Request method: GET, Path: /api/product/get"}
{"level":"info","message":"Request method: GET, Path: /api/product/get"}
{"level":"info","message":"Request method: GET, Path: /api/product/get"}
{"level":"info","message":"Request method: GET, Path: /api/product/get"}
{"level":"info","message":"Request method: GET, Path: /api/product/get/67aa322637c3af71b1dd017a"}
{"level":"info","message":"Request method: POST, Path: /api/product"}
{"level":"info","message":"Request method: POST, Path: /api/product_review"}
{"level":"info","message":"Request method: POST, Path: /api/product_review"}
{"level":"info","message":"Request method: POST, Path: /api/product_review"}
{"level":"info","message":"Request method: POST, Path: /api/product_review"}
{"level":"info","message":"Request method: POST, Path: /api/product_review"}
{"level":"info","message":"Request method: POST, Path: /api/product_review"}
{"level":"info","message":"Request method: POST, Path: /api/auth/login"}
{"level":"info","message":"Request method: POST, Path: /api/product_review"}
{"level":"info","message":"Request method: POST, Path: /api/product_review"}
{"level":"info","message":"Request method: POST, Path: /api/product_review"}
{"level":"info","message":"Request method: POST, Path: /api/product_review"}
{"level":"info","message":"Request method: POST, Path: /api/product_review"}
{"level":"info","message":"Request method: GET, Path: /api/product_review/get/67aa322637c3af71b1dd017a"}
{"level":"info","message":"Request method: GET, Path: /api/product_review/get/67aa322637c3af71b1dd017a"}
{"level":"info","message":"Request method: GET, Path: /api/product_review/get/67aa322637c3af71b1dd017a"}
{"level":"info","message":"Request method: GET, Path: /api/product_review/get/67aa322637c3af71b1dd017a"}
{"level":"info","message":"Request method: GET, Path: /api/product_review/get/67aa322637c3af71b1dd017a"}
{"level":"info","message":"Request method: GET, Path: /api/product_review/get/67aa322637c3af71b1dd017a"}
{"level":"info","message":"Request method: GET, Path: /api/product_review/get/67aa322637c3af71b1dd017a"}
{"level":"info","message":"Request method: GET, Path: /api/product_review/get/67aa322637c3af71b1dd017a"}
{"level":"info","message":"Request method: GET, Path: /api/product_review/get/67aa322637c3af71b1dd017a"}
{"level":"info","message":"Request method: GET, Path: /api/product_review/get/67aa322637c3af71b1dd017a"}
{"level":"info","message":"Request method: GET, Path: /api/product_review/get/67aa322637c3af71b1dd017a"}
{"level":"info","message":"Request method: GET, Path: /api/product_review/get/67aa322637c3af71b1dd017a"}
{"level":"info","message":"Request method: GET, Path: /api/product_review/get/67aa322637c3af71b1dd017a"}
{"level":"info","message":"Request method: GET, Path: /api/product_review/get/67aa322637c3af71b1dd017a"}
{"level":"info","message":"Request method: GET, Path: /api/product_review/get/67aa322637c3af71b1dd017a"}
{"level":"info","message":"Request method: GET, Path: /api/product_review/get/67aa322637c3af71b1dd017a"}
{"level":"info","message":"Request method: GET, Path: /api/product_review/get/67aa322637c3af71b1dd017a"}
{"level":"info","message":"Request method: GET, Path: /api/product_review/get/67aa322637c3af71b1dd017a"}
{"level":"info","message":"Request method: GET, Path: /api/product_review/get/67aa322637c3af71b1dd017a"}
{"level":"info","message":"Request method: GET, Path: /api/product_review/get/67aa322637c3af71b1dd017a"}
{"level":"info","message":"Request method: GET, Path: /api/product_review/get/67aa322637c3af71b1dd017a"}
{"level":"info","message":"Request method: GET, Path: /api/product_review/get/67aa322637c3af71b1dd017a"}
{"level":"info","message":"Request method: GET, Path: /api/product_review/get/67aa322637c3af71b1dd017a"}
{"level":"info","message":"Request method: GET, Path: /api/product_review/get/67aa322637c3af71b1dd017a"}
{"level":"info","message":"Request method: GET, Path: /api/product_review/get/67aa322637c3af71b1dd017a"}
{"level":"info","message":"Request method: GET, Path: /api/product_review/get/67aa322637c3af71b1dd017a"}
